<?xml version="1.0" encoding="UTF-8"?>
<coverage generated="1688570825920" clover="3.2.0">
  <project timestamp="1688570825920" name="All files">
    <metrics statements="25" coveredstatements="20" conditionals="0" coveredconditionals="0" methods="7" coveredmethods="5" elements="32" coveredelements="25" complexity="0" loc="25" ncloc="25" packages="2" files="3" classes="3"/>
    <package name="DBmanagers">
      <metrics statements="16" coveredstatements="12" conditionals="0" coveredconditionals="0" methods="6" coveredmethods="5"/>
      <file name="cartsManager.js" path="/Users/alejandro/Desktop/entregaBackEnd/proyectoNuevoBackEnd/src/dao/DBmanagers/cartsManager.js">
        <metrics statements="16" coveredstatements="12" conditionals="0" coveredconditionals="0" methods="6" coveredmethods="5"/>
        <line num="7" count="4" type="stmt"/>
        <line num="9" count="4" type="stmt"/>
        <line num="10" count="1" type="stmt"/>
        <line num="11" count="1" type="stmt"/>
        <line num="13" count="4" type="stmt"/>
        <line num="14" count="1" type="stmt"/>
        <line num="16" count="4" type="stmt"/>
        <line num="17" count="1" type="stmt"/>
        <line num="21" count="4" type="stmt"/>
        <line num="22" count="1" type="stmt"/>
        <line num="23" count="1" type="stmt"/>
        <line num="25" count="0" type="stmt"/>
        <line num="28" count="4" type="stmt"/>
        <line num="29" count="0" type="stmt"/>
        <line num="30" count="0" type="stmt"/>
        <line num="32" count="0" type="stmt"/>
      </file>
    </package>
    <package name="DBmanagers.models">
      <metrics statements="9" coveredstatements="8" conditionals="0" coveredconditionals="0" methods="1" coveredmethods="0"/>
      <file name="carts.js" path="/Users/alejandro/Desktop/entregaBackEnd/proyectoNuevoBackEnd/src/dao/DBmanagers/models/carts.js">
        <metrics statements="3" coveredstatements="3" conditionals="0" coveredconditionals="0" methods="0" coveredmethods="0"/>
        <line num="4" count="1" type="stmt"/>
        <line num="7" count="1" type="stmt"/>
        <line num="18" count="1" type="stmt"/>
      </file>
      <file name="products.js" path="/Users/alejandro/Desktop/entregaBackEnd/proyectoNuevoBackEnd/src/dao/DBmanagers/models/products.js">
        <metrics statements="6" coveredstatements="5" conditionals="0" coveredconditionals="0" methods="1" coveredmethods="0"/>
        <line num="5" count="1" type="stmt"/>
        <line num="7" count="1" type="stmt"/>
        <line num="56" count="1" type="stmt"/>
        <line num="57" count="1" type="stmt"/>
        <line num="58" count="0" type="stmt"/>
        <line num="61" count="1" type="stmt"/>
      </file>
    </package>
  </project>
</coverage>
