{"/Users/alejandro/Desktop/entregaBackEnd/proyectoNuevoBackEnd/src/dao/DBmanagers/cartsManager.js": {"path":"/Users/alejandro/Desktop/entregaBackEnd/proyectoNuevoBackEnd/src/dao/DBmanagers/cartsManager.js","statementMap":{"0":{"start":{"line":7,"column":8},"end":{"line":7,"column":45}},"1":{"start":{"line":9,"column":13},"end":{"line":12,"column":5}},"2":{"start":{"line":10,"column":22},"end":{"line":10,"column":51}},"3":{"start":{"line":11,"column":8},"end":{"line":11,"column":21}},"4":{"start":{"line":13,"column":11},"end":{"line":15,"column":5}},"5":{"start":{"line":14,"column":8},"end":{"line":14,"column":44}},"6":{"start":{"line":16,"column":13},"end":{"line":20,"column":5}},"7":{"start":{"line":17,"column":8},"end":{"line":19,"column":17}},"8":{"start":{"line":21,"column":18},"end":{"line":27,"column":5}},"9":{"start":{"line":22,"column":8},"end":{"line":26,"column":9}},"10":{"start":{"line":23,"column":12},"end":{"line":23,"column":53}},"11":{"start":{"line":25,"column":12},"end":{"line":25,"column":74}},"12":{"start":{"line":28,"column":17},"end":{"line":34,"column":5}},"13":{"start":{"line":29,"column":8},"end":{"line":33,"column":9}},"14":{"start":{"line":30,"column":12},"end":{"line":30,"column":56}},"15":{"start":{"line":32,"column":12},"end":{"line":32,"column":52}}},"fnMap":{"0":{"name":"(anonymous_0)","decl":{"start":{"line":6,"column":4},"end":{"line":6,"column":5}},"loc":{"start":{"line":6,"column":18},"end":{"line":8,"column":5}},"line":6},"1":{"name":"(anonymous_1)","decl":{"start":{"line":9,"column":13},"end":{"line":9,"column":14}},"loc":{"start":{"line":9,"column":25},"end":{"line":12,"column":5}},"line":9},"2":{"name":"(anonymous_2)","decl":{"start":{"line":13,"column":11},"end":{"line":13,"column":12}},"loc":{"start":{"line":13,"column":27},"end":{"line":15,"column":5}},"line":13},"3":{"name":"(anonymous_3)","decl":{"start":{"line":16,"column":13},"end":{"line":16,"column":14}},"loc":{"start":{"line":16,"column":33},"end":{"line":20,"column":5}},"line":16},"4":{"name":"(anonymous_4)","decl":{"start":{"line":21,"column":18},"end":{"line":21,"column":19}},"loc":{"start":{"line":21,"column":38},"end":{"line":27,"column":5}},"line":21},"5":{"name":"(anonymous_5)","decl":{"start":{"line":28,"column":17},"end":{"line":28,"column":18}},"loc":{"start":{"line":28,"column":38},"end":{"line":34,"column":5}},"line":28}},"branchMap":{},"s":{"0":4,"1":4,"2":1,"3":1,"4":4,"5":1,"6":4,"7":1,"8":4,"9":1,"10":1,"11":0,"12":4,"13":0,"14":0,"15":0},"f":{"0":4,"1":1,"2":1,"3":1,"4":1,"5":0},"b":{},"_coverageSchema":"1a1c01bbd47fc00a2c39e90264f33305004495a9","hash":"0837df1f30d411d84653ae077a92b314a1ae4b29"}
,"/Users/alejandro/Desktop/entregaBackEnd/proyectoNuevoBackEnd/src/dao/DBmanagers/models/carts.js": {"path":"/Users/alejandro/Desktop/entregaBackEnd/proyectoNuevoBackEnd/src/dao/DBmanagers/models/carts.js","statementMap":{"0":{"start":{"line":4,"column":24},"end":{"line":4,"column":31}},"1":{"start":{"line":7,"column":20},"end":{"line":16,"column":2}},"2":{"start":{"line":18,"column":25},"end":{"line":18,"column":69}}},"fnMap":{},"branchMap":{},"s":{"0":1,"1":1,"2":1},"f":{},"b":{},"_coverageSchema":"1a1c01bbd47fc00a2c39e90264f33305004495a9","hash":"4fc9e3c72f6125040875600e6d05138e269c8567"}
,"/Users/alejandro/Desktop/entregaBackEnd/proyectoNuevoBackEnd/src/dao/DBmanagers/models/products.js": {"path":"/Users/alejandro/Desktop/entregaBackEnd/proyectoNuevoBackEnd/src/dao/DBmanagers/models/products.js","statementMap":{"0":{"start":{"line":5,"column":27},"end":{"line":5,"column":37}},"1":{"start":{"line":7,"column":30},"end":{"line":53,"column":2}},"2":{"start":{"line":56,"column":0},"end":{"line":56,"column":40}},"3":{"start":{"line":57,"column":0},"end":{"line":59,"column":3}},"4":{"start":{"line":58,"column":4},"end":{"line":58,"column":32}},"5":{"start":{"line":61,"column":28},"end":{"line":61,"column":78}}},"fnMap":{"0":{"name":"(anonymous_0)","decl":{"start":{"line":57,"column":27},"end":{"line":57,"column":28}},"loc":{"start":{"line":57,"column":38},"end":{"line":59,"column":1}},"line":57}},"branchMap":{},"s":{"0":1,"1":1,"2":1,"3":1,"4":0,"5":1},"f":{"0":0},"b":{},"_coverageSchema":"1a1c01bbd47fc00a2c39e90264f33305004495a9","hash":"afae050e3a06d5f7b20b91180a166cfdbb31653f"}
}
