TN:
SF:src/dao/DBmanagers/cartsManager.js
FN:6,(anonymous_0)
FN:9,(anonymous_1)
FN:13,(anonymous_2)
FN:16,(anonymous_3)
FN:21,(anonymous_4)
FN:28,(anonymous_5)
FNF:6
FNH:5
FNDA:4,(anonymous_0)
FNDA:1,(anonymous_1)
FNDA:1,(anonymous_2)
FNDA:1,(anonymous_3)
FNDA:1,(anonymous_4)
FNDA:0,(anonymous_5)
DA:7,4
DA:9,4
DA:10,1
DA:11,1
DA:13,4
DA:14,1
DA:16,4
DA:17,1
DA:21,4
DA:22,1
DA:23,1
DA:25,0
DA:28,4
DA:29,0
DA:30,0
DA:32,0
LF:16
LH:12
BRF:0
BRH:0
end_of_record
TN:
SF:src/dao/DBmanagers/models/carts.js
FNF:0
FNH:0
DA:4,1
DA:7,1
DA:18,1
LF:3
LH:3
BRF:0
BRH:0
end_of_record
TN:
SF:src/dao/DBmanagers/models/products.js
FN:57,(anonymous_0)
FNF:1
FNH:0
FNDA:0,(anonymous_0)
DA:5,1
DA:7,1
DA:56,1
DA:57,1
DA:58,0
DA:61,1
LF:6
LH:5
BRF:0
BRH:0
end_of_record
